[2019-11-30 13:54:21] Executing startup tasks
[2019-11-30 13:54:21] Java(TM) SE Runtime Environment 1.8.0_231-b11
[2019-11-30 13:54:21] Product self.product.version
[2019-11-30 13:54:21] Workspace C:\Users\oddgu\Programmering\TDT4250\project_pokeDex\new-git-pull\TDT4250-PokeDex\runtime-EclipseApplication
[2019-11-30 13:54:21] Bundle org.eclipse.oomph.setup 1.14.0.v20190704-1252, build=4094, branch=c003e1403e656613bb3bddbc529d7f298b121d06
[2019-11-30 13:54:21] Bundle org.eclipse.oomph.setup.core 1.14.0.v20190705-1542, build=4094, branch=c003e1403e656613bb3bddbc529d7f298b121d06
[2019-11-30 13:54:21] Bundle org.eclipse.oomph.setup.p2 1.12.0.v20190704-1252, build=4094, branch=c003e1403e656613bb3bddbc529d7f298b121d06
[2019-11-30 13:54:21] Performing Preference /instance/org.eclipse.ant.ui/org.eclipse.ant.ui.commentsColor = 98,98,98
[2019-11-30 13:54:22] Performing Preference /instance/org.eclipse.jdt.ui/java_keyword = 204,120,50
[2019-11-30 13:54:22] Performing Preference /instance/org.eclipse.jdt.ui/java_keyword_return = 204,120,50
[2019-11-30 13:54:22] Performing Preference /instance/org.eclipse.jdt.ui/matchingBracketsColor = 102,112,125
[2019-11-30 13:54:22] Performing Preference /instance/org.eclipse.jdt.ui/overriddenByCSS = ,content_assist_completion_replacement_background,content_assist_completion_replacement_foreground,content_assist_parameters_background,content_assist_parameters_foreground,content_assist_proposals_background,content_assist_proposals_foreground,java_bracket,java_comment_task_tag,java_default,java_doc_default,java_doc_keyword,java_doc_link,java_doc_tag,java_keyword,java_keyword_return,java_multi_line_comment,java_operator,java_single_line_comment,java_string,matchingBracketsColor,pf_coloring_argument,pf_coloring_assignment,pf_coloring_comment,pf_coloring_key,pf_coloring_value,semanticHighlighting.abstractClass.bold,semanticHighlighting.abstractClass.color,semanticHighlighting.abstractClass.enabled,semanticHighlighting.abstractMethodInvocation.color,semanticHighlighting.abstractMethodInvocation.enabled,semanticHighlighting.annotation.bold,semanticHighlighting.annotation.color,semanticHighlighting.annotation.enabled,semanticHighlighting.annotation.italic,semanticHighlighting.annotationElementReference.color,semanticHighlighting.annotationElementReference.enabled,semanticHighlighting.class.color,semanticHighlighting.class.enabled,semanticHighlighting.class.bold,semanticHighlighting.deprecatedMember.color,semanticHighlighting.deprecatedMember.enabled,semanticHighlighting.deprecatedMember.underline,semanticHighlighting.deprecatedMember.strikethrough,semanticHighlighting.enum.color,semanticHighlighting.enum.enabled,semanticHighlighting.enum.italic,semanticHighlighting.field.color,semanticHighlighting.field.enabled,semanticHighlighting.inheritedMethodInvocation.color,semanticHighlighting.inheritedMethodInvocation.enabled,semanticHighlighting.interface.color,semanticHighlighting.interface.enabled,semanticHighlighting.localVariable.color,semanticHighlighting.localVariable.enabled,semanticHighlighting.localVariableDeclaration.color,semanticHighlighting.localVariableDeclaration.enabled,semanticHighlighting.method.color,semanticHighlighting.method.enabled,semanticHighlighting.methodDeclarationName.color,semanticHighlighting.methodDeclarationName.enabled,semanticHighlighting.number.color,semanticHighlighting.number.enabled,semanticHighlighting.parameterVariable.color,semanticHighlighting.parameterVariable.enabled,semanticHighlighting.staticField.color,semanticHighlighting.staticField.enabled,semanticHighlighting.staticFinalField.color,semanticHighlighting.staticFinalField.enabled,semanticHighlighting.staticMethodInvocation.color,semanticHighlighting.staticMethodInvocation.enabled,semanticHighlighting.typeArgument.color,semanticHighlighting.typeArgument.enabled,semanticHighlighting.typeParameter.color,semanticHighlighting.typeParameter.enabled,sourceHoverBackgroundColor,
[2019-11-30 13:54:22] Performing Preference /instance/org.eclipse.jdt.ui/semanticHighlighting.abstractClass.bold = true
[2019-11-30 13:54:22] Performing Preference /instance/org.eclipse.jdt.ui/semanticHighlighting.annotation.bold = true
[2019-11-30 13:54:22] Performing Preference /instance/org.eclipse.jdt.ui/semanticHighlighting.annotation.color = 255,147,147
[2019-11-30 13:54:22] Performing Preference /instance/org.eclipse.jdt.ui/semanticHighlighting.class.bold = true
[2019-11-30 13:54:22] Performing Preference /instance/org.eclipse.jdt.ui/semanticHighlighting.deprecatedMember.color = 171,31,54
[2019-11-30 13:54:22] Performing Preference /instance/org.eclipse.jdt.ui/semanticHighlighting.localVariable.color = 255,191,38
[2019-11-30 13:54:22] Performing Preference /instance/org.eclipse.jdt.ui/semanticHighlighting.localVariableDeclaration.color = 237,127,72
[2019-11-30 13:54:22] Performing Preference /instance/org.eclipse.jdt.ui/semanticHighlighting.typeArgument.color = 215,131,127
[2019-11-30 13:54:22] Performing Preference /instance/org.eclipse.ui.editors/AbstractTextEditor.Color.Background = 41,41,41
[2019-11-30 13:54:22] Performing Preference /instance/org.eclipse.ui.editors/AbstractTextEditor.Color.Foreground = 131,148,150
[2019-11-30 13:54:22] Performing Preference /instance/org.eclipse.ui.editors/currentIPColor = 54,54,54
[2019-11-30 13:54:22] Performing Preference /instance/org.eclipse.ui.editors/currentLineColor = 50,50,50
[2019-11-30 13:54:22] Performing Preference /instance/org.eclipse.ui.editors/secondaryIPColor = 54,54,54
[2019-11-30 13:54:22] Performing Preference /instance/org.eclipse.ui.workbench/overriddenByCSS = ,ACTIVE_HYPERLINK_COLOR,CONFLICTING_COLOR,CONTENT_ASSIST_BACKGROUND_COLOR,CONTENT_ASSIST_FOREGROUND_COLOR,org.eclipse.ui.workbench.HOVER_BACKGROUND,org.eclipse.ui.workbench.HOVER_FOREGROUND,ERROR_COLOR,HYPERLINK_COLOR,INCOMING_COLOR,OUTGOING_COLOR,RESOLVED_COLOR,org.eclipse.search.ui.match.highlight,org.eclipse.egit.ui.DiffAddBackgroundColor,org.eclipse.egit.ui.DiffAddForegroundColor,org.eclipse.egit.ui.DiffHeadlineBackgroundColor,org.eclipse.egit.ui.DiffHeadlineForegroundColor,org.eclipse.egit.ui.DiffHunkBackgroundColor,org.eclipse.egit.ui.DiffHunkForegroundColor,org.eclipse.egit.ui.DiffRemoveBackgroundColor,org.eclipse.egit.ui.DiffRemoveForegroundColor,org.eclipse.egit.ui.IgnoredResourceBackgroundColor,org.eclipse.egit.ui.IgnoredResourceForegroundColor,org.eclipse.egit.ui.UncommittedChangeBackgroundColor,org.eclipse.egit.ui.UncommittedChangeForegroundColor,
[2019-11-30 13:54:22] Performing Preference /instance/org.eclipse.wst.xml.ui/tagAttributeValue = #17C6A3 | null | false | true | false | false
[2019-11-30 13:54:22] Performing Preference /instance/org.eclipse.wst.xml.ui/tagBorder = #0080ff | null | false | false | false | false
[2019-11-30 13:54:22] 
